<?xml version="1.0" encoding="UTF-8"?>
<!-- Generated by org.testng.reporters.JUnitXMLReporter -->
<testsuite hostname="SOMIL-PC" ignored="0" name="Test" tests="4" failures="1" timestamp="2022-02-12T23:49:03 IST" time="71.516" errors="0">
  <testcase name="verifyLogin" time="5.512" classname="com.phptravels.testcases.LoginTest"/>
  <testcase name="testFlightBooking" time="7.591" classname="com.phptravels.testcases.LoginTest"/>
  <testcase name="selectFlightTest" time="4.411" classname="com.phptravels.testcases.LoginTest"/>
  <testcase name="testPaymentPage" time="29.242" classname="com.phptravels.testcases.LoginTest">
    <failure type="java.lang.AssertionError" message="expected [Pending] but found [Confirmed]">
      <![CDATA[java.lang.AssertionError: expected [Pending] but found [Confirmed]
at com.phptravels.testcases.LoginTest.testPaymentPage(LoginTest.java:53)
at java.util.ArrayList.forEach(ArrayList.java:1257)
... Removed 32 stack frames]]>
    </failure>
  </testcase> <!-- testPaymentPage -->
</testsuite> <!-- Test -->
