<?xml version="1.0" encoding="UTF-8"?>
<!-- Generated by org.testng.reporters.JUnitXMLReporter -->
<testsuite hostname="SOMIL-PC" ignored="0" name="Test" tests="4" failures="0" timestamp="2022-02-12T23:55:14 IST" time="63.16" errors="0">
  <testcase name="verifyLogin" time="5.739" classname="com.phptravels.testcases.LoginTest"/>
  <testcase name="testFlightBooking" time="7.496" classname="com.phptravels.testcases.LoginTest"/>
  <testcase name="selectFlightTest" time="5.358" classname="com.phptravels.testcases.LoginTest"/>
  <testcase name="testPaymentPage" time="22.604" classname="com.phptravels.testcases.LoginTest"/>
</testsuite> <!-- Test -->
